2025-08-11 16:58:59,938 - INFO - Skipping existing file: D:\VUB\_data\_isimip_3b/GFDL-ESM4/historical/GFDL-ESM4_pr_merged.nc
2025-08-11 16:58:59,938 - INFO - Skipping existing file: D:\VUB\_data\_isimip_3b/GFDL-ESM4/historical/GFDL-ESM4_tasmin_merged.nc
2025-08-11 16:58:59,938 - INFO - Skipping existing file: D:\VUB\_data\_isimip_3b/GFDL-ESM4/historical/GFDL-ESM4_tasmax_merged.nc
2025-08-11 16:59:00,157 - INFO - Skipping existing file: D:\VUB\_data\_isimip_3b/GFDL-ESM4/ssp126/GFDL-ESM4_pr_merged.nc
2025-08-11 16:59:00,157 - INFO - Skipping existing file: D:\VUB\_data\_isimip_3b/GFDL-ESM4/ssp126/GFDL-ESM4_tasmin_merged.nc
2025-08-11 16:59:00,157 - INFO - Skipping existing file: D:\VUB\_data\_isimip_3b/GFDL-ESM4/ssp126/GFDL-ESM4_tasmax_merged.nc
2025-08-11 16:59:00,157 - INFO - Skipping existing file: D:\VUB\_data\_isimip_3b/GFDL-ESM4/ssp370/GFDL-ESM4_pr_merged.nc
2025-08-11 16:59:00,157 - INFO - Skipping existing file: D:\VUB\_data\_isimip_3b/GFDL-ESM4/ssp370/GFDL-ESM4_tasmin_merged.nc
2025-08-11 16:59:00,157 - INFO - Skipping existing file: D:\VUB\_data\_isimip_3b/GFDL-ESM4/ssp370/GFDL-ESM4_tasmax_merged.nc
2025-08-11 16:59:00,157 - INFO - Skipping existing file: D:\VUB\_data\_isimip_3b/GFDL-ESM4/ssp585/GFDL-ESM4_pr_merged.nc
2025-08-11 16:59:00,157 - INFO - Skipping existing file: D:\VUB\_data\_isimip_3b/GFDL-ESM4/ssp585/GFDL-ESM4_tasmin_merged.nc
2025-08-11 16:59:00,157 - INFO - Skipping existing file: D:\VUB\_data\_isimip_3b/GFDL-ESM4/ssp585/GFDL-ESM4_tasmax_merged.nc
2025-08-11 16:59:00,157 - INFO - Skipping existing file: D:\VUB\_data\_isimip_3b/IPSL-CM6A-LR/historical/IPSL-CM6A-LR_pr_merged.nc
2025-08-11 16:59:00,157 - INFO - Skipping existing file: D:\VUB\_data\_isimip_3b/IPSL-CM6A-LR/historical/IPSL-CM6A-LR_tasmin_merged.nc
2025-08-11 16:59:00,157 - INFO - Skipping existing file: D:\VUB\_data\_isimip_3b/IPSL-CM6A-LR/historical/IPSL-CM6A-LR_tasmax_merged.nc
2025-08-11 16:59:00,157 - INFO - Skipping existing file: D:\VUB\_data\_isimip_3b/IPSL-CM6A-LR/ssp126/IPSL-CM6A-LR_pr_merged.nc
2025-08-11 16:59:00,157 - INFO - Skipping existing file: D:\VUB\_data\_isimip_3b/IPSL-CM6A-LR/ssp126/IPSL-CM6A-LR_tasmin_merged.nc
2025-08-11 16:59:00,157 - INFO - Skipping existing file: D:\VUB\_data\_isimip_3b/IPSL-CM6A-LR/ssp126/IPSL-CM6A-LR_tasmax_merged.nc
2025-08-11 16:59:00,157 - INFO - Skipping existing file: D:\VUB\_data\_isimip_3b/IPSL-CM6A-LR/ssp370/IPSL-CM6A-LR_pr_merged.nc
2025-08-11 16:59:00,157 - INFO - Skipping existing file: D:\VUB\_data\_isimip_3b/IPSL-CM6A-LR/ssp370/IPSL-CM6A-LR_tasmin_merged.nc
2025-08-11 16:59:00,157 - INFO - Skipping existing file: D:\VUB\_data\_isimip_3b/IPSL-CM6A-LR/ssp370/IPSL-CM6A-LR_tasmax_merged.nc
2025-08-11 16:59:00,157 - INFO - Skipping existing file: D:\VUB\_data\_isimip_3b/IPSL-CM6A-LR/ssp585/IPSL-CM6A-LR_pr_merged.nc
2025-08-11 16:59:00,157 - INFO - Skipping existing file: D:\VUB\_data\_isimip_3b/IPSL-CM6A-LR/ssp585/IPSL-CM6A-LR_tasmin_merged.nc
2025-08-11 16:59:00,157 - INFO - Skipping existing file: D:\VUB\_data\_isimip_3b/IPSL-CM6A-LR/ssp585/IPSL-CM6A-LR_tasmax_merged.nc
2025-08-11 16:59:00,157 - INFO - Skipping existing file: D:\VUB\_data\_isimip_3b/MPI-ESM1-2-HR/historical/MPI-ESM1-2-HR_pr_merged.nc
2025-08-11 16:59:00,157 - INFO - Skipping existing file: D:\VUB\_data\_isimip_3b/MPI-ESM1-2-HR/historical/MPI-ESM1-2-HR_tasmin_merged.nc
2025-08-11 16:59:00,157 - INFO - Skipping existing file: D:\VUB\_data\_isimip_3b/MPI-ESM1-2-HR/historical/MPI-ESM1-2-HR_tasmax_merged.nc
2025-08-11 16:59:00,157 - INFO - Skipping existing file: D:\VUB\_data\_isimip_3b/MPI-ESM1-2-HR/ssp126/MPI-ESM1-2-HR_pr_merged.nc
2025-08-11 16:59:00,157 - INFO - Skipping existing file: D:\VUB\_data\_isimip_3b/MPI-ESM1-2-HR/ssp126/MPI-ESM1-2-HR_tasmin_merged.nc
2025-08-11 16:59:00,157 - INFO - Skipping existing file: D:\VUB\_data\_isimip_3b/MPI-ESM1-2-HR/ssp126/MPI-ESM1-2-HR_tasmax_merged.nc
2025-08-11 16:59:00,157 - INFO - Skipping existing file: D:\VUB\_data\_isimip_3b/MPI-ESM1-2-HR/ssp370/MPI-ESM1-2-HR_pr_merged.nc
2025-08-11 16:59:00,157 - INFO - Skipping existing file: D:\VUB\_data\_isimip_3b/MPI-ESM1-2-HR/ssp370/MPI-ESM1-2-HR_tasmin_merged.nc
2025-08-11 16:59:00,157 - INFO - Skipping existing file: D:\VUB\_data\_isimip_3b/MPI-ESM1-2-HR/ssp370/MPI-ESM1-2-HR_tasmax_merged.nc
2025-08-11 16:59:00,157 - INFO - Skipping existing file: D:\VUB\_data\_isimip_3b/MPI-ESM1-2-HR/ssp585/MPI-ESM1-2-HR_pr_merged.nc
2025-08-11 16:59:00,171 - INFO - Skipping existing file: D:\VUB\_data\_isimip_3b/MPI-ESM1-2-HR/ssp585/MPI-ESM1-2-HR_tasmin_merged.nc
2025-08-11 16:59:00,171 - INFO - Skipping existing file: D:\VUB\_data\_isimip_3b/MPI-ESM1-2-HR/ssp585/MPI-ESM1-2-HR_tasmax_merged.nc
2025-08-11 16:59:00,171 - INFO - Skipping existing file: D:\VUB\_data\_isimip_3b/MRI-ESM2-0/historical/MRI-ESM2-0_pr_merged.nc
2025-08-11 16:59:00,171 - INFO - Skipping existing file: D:\VUB\_data\_isimip_3b/MRI-ESM2-0/historical/MRI-ESM2-0_tasmin_merged.nc
2025-08-11 16:59:00,172 - INFO - Skipping existing file: D:\VUB\_data\_isimip_3b/MRI-ESM2-0/historical/MRI-ESM2-0_tasmax_merged.nc
2025-08-11 16:59:00,172 - INFO - Skipping existing file: D:\VUB\_data\_isimip_3b/MRI-ESM2-0/ssp126/MRI-ESM2-0_pr_merged.nc
2025-08-11 16:59:00,172 - INFO - Skipping existing file: D:\VUB\_data\_isimip_3b/MRI-ESM2-0/ssp126/MRI-ESM2-0_tasmin_merged.nc
2025-08-11 16:59:00,172 - INFO - Skipping existing file: D:\VUB\_data\_isimip_3b/MRI-ESM2-0/ssp126/MRI-ESM2-0_tasmax_merged.nc
2025-08-11 16:59:00,173 - INFO - Skipping existing file: D:\VUB\_data\_isimip_3b/MRI-ESM2-0/ssp370/MRI-ESM2-0_pr_merged.nc
2025-08-11 16:59:00,173 - INFO - Skipping existing file: D:\VUB\_data\_isimip_3b/MRI-ESM2-0/ssp370/MRI-ESM2-0_tasmin_merged.nc
2025-08-11 16:59:00,174 - INFO - Skipping existing file: D:\VUB\_data\_isimip_3b/MRI-ESM2-0/ssp370/MRI-ESM2-0_tasmax_merged.nc
2025-08-11 16:59:00,174 - INFO - Skipping existing file: D:\VUB\_data\_isimip_3b/MRI-ESM2-0/ssp585/MRI-ESM2-0_pr_merged.nc
2025-08-11 16:59:00,174 - INFO - Skipping existing file: D:\VUB\_data\_isimip_3b/MRI-ESM2-0/ssp585/MRI-ESM2-0_tasmin_merged.nc
2025-08-11 16:59:00,174 - INFO - Skipping existing file: D:\VUB\_data\_isimip_3b/MRI-ESM2-0/ssp585/MRI-ESM2-0_tasmax_merged.nc
2025-08-11 16:59:00,174 - INFO - Skipping existing file: D:\VUB\_data\_isimip_3b/UKESM1-0-LL/historical/UKESM1-0-LL_pr_merged.nc
2025-08-11 16:59:00,174 - INFO - Skipping existing file: D:\VUB\_data\_isimip_3b/UKESM1-0-LL/historical/UKESM1-0-LL_tasmin_merged.nc
2025-08-11 16:59:00,174 - INFO - Skipping existing file: D:\VUB\_data\_isimip_3b/UKESM1-0-LL/historical/UKESM1-0-LL_tasmax_merged.nc
2025-08-11 16:59:00,174 - INFO - Skipping existing file: D:\VUB\_data\_isimip_3b/UKESM1-0-LL/ssp126/UKESM1-0-LL_pr_merged.nc
2025-08-11 16:59:00,174 - INFO - Skipping existing file: D:\VUB\_data\_isimip_3b/UKESM1-0-LL/ssp126/UKESM1-0-LL_tasmin_merged.nc
2025-08-11 16:59:00,174 - INFO - Skipping existing file: D:\VUB\_data\_isimip_3b/UKESM1-0-LL/ssp126/UKESM1-0-LL_tasmax_merged.nc
2025-08-11 16:59:00,174 - INFO - Skipping existing file: D:\VUB\_data\_isimip_3b/UKESM1-0-LL/ssp370/UKESM1-0-LL_pr_merged.nc
2025-08-11 16:59:00,174 - INFO - Skipping existing file: D:\VUB\_data\_isimip_3b/UKESM1-0-LL/ssp370/UKESM1-0-LL_tasmin_merged.nc
2025-08-11 16:59:00,174 - INFO - Skipping existing file: D:\VUB\_data\_isimip_3b/UKESM1-0-LL/ssp370/UKESM1-0-LL_tasmax_merged.nc
2025-08-11 16:59:00,174 - INFO - Skipping existing file: D:\VUB\_data\_isimip_3b/UKESM1-0-LL/ssp585/UKESM1-0-LL_pr_merged.nc
2025-08-11 16:59:00,174 - INFO - Skipping existing file: D:\VUB\_data\_isimip_3b/UKESM1-0-LL/ssp585/UKESM1-0-LL_tasmin_merged.nc
2025-08-11 16:59:00,174 - INFO - Skipping existing file: D:\VUB\_data\_isimip_3b/UKESM1-0-LL/ssp585/UKESM1-0-LL_tasmax_merged.nc
2025-08-11 19:17:52,334 - INFO - Skipping existing file: D:\VUB\_data\_isimip_3b/GFDL-ESM4/historical/GFDL-ESM4_pr_merged.nc
2025-08-11 19:17:52,336 - INFO - Skipping existing file: D:\VUB\_data\_isimip_3b/GFDL-ESM4/historical/GFDL-ESM4_tasmin_merged.nc
2025-08-11 19:17:52,337 - INFO - Skipping existing file: D:\VUB\_data\_isimip_3b/GFDL-ESM4/historical/GFDL-ESM4_tasmax_merged.nc
2025-08-11 19:17:52,546 - INFO - Skipping existing file: D:\VUB\_data\_isimip_3b/GFDL-ESM4/ssp126/GFDL-ESM4_pr_merged.nc
2025-08-11 19:17:52,546 - INFO - Skipping existing file: D:\VUB\_data\_isimip_3b/GFDL-ESM4/ssp126/GFDL-ESM4_tasmin_merged.nc
2025-08-11 19:17:52,546 - INFO - Skipping existing file: D:\VUB\_data\_isimip_3b/GFDL-ESM4/ssp126/GFDL-ESM4_tasmax_merged.nc
2025-08-11 19:17:52,546 - INFO - Skipping existing file: D:\VUB\_data\_isimip_3b/GFDL-ESM4/ssp370/GFDL-ESM4_pr_merged.nc
2025-08-11 19:17:52,546 - INFO - Skipping existing file: D:\VUB\_data\_isimip_3b/GFDL-ESM4/ssp370/GFDL-ESM4_tasmin_merged.nc
2025-08-11 19:17:52,546 - INFO - Skipping existing file: D:\VUB\_data\_isimip_3b/GFDL-ESM4/ssp370/GFDL-ESM4_tasmax_merged.nc
2025-08-11 19:17:52,546 - INFO - Skipping existing file: D:\VUB\_data\_isimip_3b/GFDL-ESM4/ssp585/GFDL-ESM4_pr_merged.nc
2025-08-11 19:17:52,546 - INFO - Skipping existing file: D:\VUB\_data\_isimip_3b/GFDL-ESM4/ssp585/GFDL-ESM4_tasmin_merged.nc
2025-08-11 19:17:52,546 - INFO - Skipping existing file: D:\VUB\_data\_isimip_3b/GFDL-ESM4/ssp585/GFDL-ESM4_tasmax_merged.nc
2025-08-11 19:17:52,546 - INFO - Skipping existing file: D:\VUB\_data\_isimip_3b/IPSL-CM6A-LR/historical/IPSL-CM6A-LR_pr_merged.nc
2025-08-11 19:17:52,546 - INFO - Skipping existing file: D:\VUB\_data\_isimip_3b/IPSL-CM6A-LR/historical/IPSL-CM6A-LR_tasmin_merged.nc
2025-08-11 19:17:52,546 - INFO - Skipping existing file: D:\VUB\_data\_isimip_3b/IPSL-CM6A-LR/historical/IPSL-CM6A-LR_tasmax_merged.nc
2025-08-11 19:17:52,546 - INFO - Skipping existing file: D:\VUB\_data\_isimip_3b/IPSL-CM6A-LR/ssp126/IPSL-CM6A-LR_pr_merged.nc
2025-08-11 19:17:52,546 - INFO - Skipping existing file: D:\VUB\_data\_isimip_3b/IPSL-CM6A-LR/ssp126/IPSL-CM6A-LR_tasmin_merged.nc
2025-08-11 19:17:52,546 - INFO - Skipping existing file: D:\VUB\_data\_isimip_3b/IPSL-CM6A-LR/ssp126/IPSL-CM6A-LR_tasmax_merged.nc
2025-08-11 19:17:52,546 - INFO - Skipping existing file: D:\VUB\_data\_isimip_3b/IPSL-CM6A-LR/ssp370/IPSL-CM6A-LR_pr_merged.nc
2025-08-11 19:17:52,546 - INFO - Skipping existing file: D:\VUB\_data\_isimip_3b/IPSL-CM6A-LR/ssp370/IPSL-CM6A-LR_tasmin_merged.nc
2025-08-11 19:17:52,546 - INFO - Skipping existing file: D:\VUB\_data\_isimip_3b/IPSL-CM6A-LR/ssp370/IPSL-CM6A-LR_tasmax_merged.nc
2025-08-11 19:17:52,546 - INFO - Skipping existing file: D:\VUB\_data\_isimip_3b/IPSL-CM6A-LR/ssp585/IPSL-CM6A-LR_pr_merged.nc
2025-08-11 19:17:52,546 - INFO - Skipping existing file: D:\VUB\_data\_isimip_3b/IPSL-CM6A-LR/ssp585/IPSL-CM6A-LR_tasmin_merged.nc
2025-08-11 19:17:52,546 - INFO - Skipping existing file: D:\VUB\_data\_isimip_3b/IPSL-CM6A-LR/ssp585/IPSL-CM6A-LR_tasmax_merged.nc
2025-08-11 19:17:52,546 - INFO - Skipping existing file: D:\VUB\_data\_isimip_3b/MPI-ESM1-2-HR/historical/MPI-ESM1-2-HR_pr_merged.nc
2025-08-11 19:17:52,546 - INFO - Skipping existing file: D:\VUB\_data\_isimip_3b/MPI-ESM1-2-HR/historical/MPI-ESM1-2-HR_tasmin_merged.nc
2025-08-11 19:17:52,546 - INFO - Skipping existing file: D:\VUB\_data\_isimip_3b/MPI-ESM1-2-HR/historical/MPI-ESM1-2-HR_tasmax_merged.nc
2025-08-11 19:17:52,546 - INFO - Skipping existing file: D:\VUB\_data\_isimip_3b/MPI-ESM1-2-HR/ssp126/MPI-ESM1-2-HR_pr_merged.nc
2025-08-11 19:17:52,546 - INFO - Skipping existing file: D:\VUB\_data\_isimip_3b/MPI-ESM1-2-HR/ssp126/MPI-ESM1-2-HR_tasmin_merged.nc
2025-08-11 19:17:52,546 - INFO - Skipping existing file: D:\VUB\_data\_isimip_3b/MPI-ESM1-2-HR/ssp126/MPI-ESM1-2-HR_tasmax_merged.nc
2025-08-11 19:17:52,546 - INFO - Skipping existing file: D:\VUB\_data\_isimip_3b/MPI-ESM1-2-HR/ssp370/MPI-ESM1-2-HR_pr_merged.nc
2025-08-11 19:17:52,546 - INFO - Skipping existing file: D:\VUB\_data\_isimip_3b/MPI-ESM1-2-HR/ssp370/MPI-ESM1-2-HR_tasmin_merged.nc
2025-08-11 19:17:52,546 - INFO - Skipping existing file: D:\VUB\_data\_isimip_3b/MPI-ESM1-2-HR/ssp370/MPI-ESM1-2-HR_tasmax_merged.nc
2025-08-11 19:17:52,546 - INFO - Skipping existing file: D:\VUB\_data\_isimip_3b/MPI-ESM1-2-HR/ssp585/MPI-ESM1-2-HR_pr_merged.nc
2025-08-11 19:17:52,546 - INFO - Skipping existing file: D:\VUB\_data\_isimip_3b/MPI-ESM1-2-HR/ssp585/MPI-ESM1-2-HR_tasmin_merged.nc
2025-08-11 19:17:52,561 - INFO - Skipping existing file: D:\VUB\_data\_isimip_3b/MPI-ESM1-2-HR/ssp585/MPI-ESM1-2-HR_tasmax_merged.nc
2025-08-11 19:17:52,561 - INFO - Skipping existing file: D:\VUB\_data\_isimip_3b/MRI-ESM2-0/historical/MRI-ESM2-0_pr_merged.nc
2025-08-11 19:17:52,561 - INFO - Skipping existing file: D:\VUB\_data\_isimip_3b/MRI-ESM2-0/historical/MRI-ESM2-0_tasmin_merged.nc
2025-08-11 19:17:52,561 - INFO - Skipping existing file: D:\VUB\_data\_isimip_3b/MRI-ESM2-0/historical/MRI-ESM2-0_tasmax_merged.nc
2025-08-11 19:17:52,564 - INFO - Skipping existing file: D:\VUB\_data\_isimip_3b/MRI-ESM2-0/ssp126/MRI-ESM2-0_pr_merged.nc
2025-08-11 19:17:52,564 - INFO - Skipping existing file: D:\VUB\_data\_isimip_3b/MRI-ESM2-0/ssp126/MRI-ESM2-0_tasmin_merged.nc
2025-08-11 19:17:52,564 - INFO - Skipping existing file: D:\VUB\_data\_isimip_3b/MRI-ESM2-0/ssp126/MRI-ESM2-0_tasmax_merged.nc
2025-08-11 19:17:52,564 - INFO - Skipping existing file: D:\VUB\_data\_isimip_3b/MRI-ESM2-0/ssp370/MRI-ESM2-0_pr_merged.nc
2025-08-11 19:17:52,564 - INFO - Skipping existing file: D:\VUB\_data\_isimip_3b/MRI-ESM2-0/ssp370/MRI-ESM2-0_tasmin_merged.nc
2025-08-11 19:17:52,564 - INFO - Skipping existing file: D:\VUB\_data\_isimip_3b/MRI-ESM2-0/ssp370/MRI-ESM2-0_tasmax_merged.nc
2025-08-11 19:17:52,564 - INFO - Skipping existing file: D:\VUB\_data\_isimip_3b/MRI-ESM2-0/ssp585/MRI-ESM2-0_pr_merged.nc
2025-08-11 19:17:52,564 - INFO - Skipping existing file: D:\VUB\_data\_isimip_3b/MRI-ESM2-0/ssp585/MRI-ESM2-0_tasmin_merged.nc
2025-08-11 19:17:52,564 - INFO - Skipping existing file: D:\VUB\_data\_isimip_3b/MRI-ESM2-0/ssp585/MRI-ESM2-0_tasmax_merged.nc
2025-08-11 19:17:52,564 - INFO - Skipping existing file: D:\VUB\_data\_isimip_3b/UKESM1-0-LL/historical/UKESM1-0-LL_pr_merged.nc
2025-08-11 19:17:52,564 - INFO - Skipping existing file: D:\VUB\_data\_isimip_3b/UKESM1-0-LL/historical/UKESM1-0-LL_tasmin_merged.nc
2025-08-11 19:17:52,564 - INFO - Skipping existing file: D:\VUB\_data\_isimip_3b/UKESM1-0-LL/historical/UKESM1-0-LL_tasmax_merged.nc
2025-08-11 19:17:52,564 - INFO - Skipping existing file: D:\VUB\_data\_isimip_3b/UKESM1-0-LL/ssp126/UKESM1-0-LL_pr_merged.nc
2025-08-11 19:17:52,564 - INFO - Skipping existing file: D:\VUB\_data\_isimip_3b/UKESM1-0-LL/ssp126/UKESM1-0-LL_tasmin_merged.nc
2025-08-11 19:17:52,564 - INFO - Skipping existing file: D:\VUB\_data\_isimip_3b/UKESM1-0-LL/ssp126/UKESM1-0-LL_tasmax_merged.nc
2025-08-11 19:17:52,564 - INFO - Skipping existing file: D:\VUB\_data\_isimip_3b/UKESM1-0-LL/ssp370/UKESM1-0-LL_pr_merged.nc
2025-08-11 19:17:52,564 - INFO - Skipping existing file: D:\VUB\_data\_isimip_3b/UKESM1-0-LL/ssp370/UKESM1-0-LL_tasmin_merged.nc
2025-08-11 19:17:52,564 - INFO - Skipping existing file: D:\VUB\_data\_isimip_3b/UKESM1-0-LL/ssp370/UKESM1-0-LL_tasmax_merged.nc
2025-08-11 19:17:52,564 - INFO - Skipping existing file: D:\VUB\_data\_isimip_3b/UKESM1-0-LL/ssp585/UKESM1-0-LL_pr_merged.nc
2025-08-11 19:17:52,564 - INFO - Skipping existing file: D:\VUB\_data\_isimip_3b/UKESM1-0-LL/ssp585/UKESM1-0-LL_tasmin_merged.nc
2025-08-11 19:17:52,564 - INFO - Skipping existing file: D:\VUB\_data\_isimip_3b/UKESM1-0-LL/ssp585/UKESM1-0-LL_tasmax_merged.nc
